
10월 01, 2022 10:20:07.915 NEW SESSION
10월 01, 2022 10:20:07.915 [9732:11488:1001/102007.911:ERROR:device_event_log_impl.cc(214)] [10:20:07.912] USB: usb_device_handle_win.cc:1048 Failed to read descriptor from node connection: 시스템에 부착된 장치가 작동하지 않습니다. (0x1F)
10월 01, 2022 10:21:04.15 [9732:7236:1001/102104.014:ERROR:util.cc(129)] Can't create base directory: C:\Program Files\Google\GoogleUpdater

10월 01, 2022 10:33:51.697 NEW SESSION
10월 01, 2022 10:33:51.698 [2452:10016:1001/103351.696:ERROR:device_event_log_impl.cc(214)] [10:33:51.696] USB: usb_device_handle_win.cc:1048 Failed to read descriptor from node connection: 시스템에 부착된 장치가 작동하지 않습니다. (0x1F)
10월 01, 2022 10:34:48.380 [2452:1692:1001/103448.379:ERROR:util.cc(129)] Can't create base directory: C:\Program Files\Google\GoogleUpdater
10월 01, 2022 11:05:19.102 [2452:10016:1001/110519.101:ERROR:device_event_log_impl.cc(214)] [11:05:19.101] USB: usb_service_win.cc:104 SetupDiGetDeviceProperty({{A45C254E-DF1C-4EFD-8020-67D146A850E0}, 6}) failed: 요소가 없습니다. (0x490)
10월 01, 2022 11:44:23.220 [9916:2008:1001/114423.219:ERROR:device_event_log_impl.cc(214)] [11:44:23.218] USB: usb_device_handle_win.cc:1048 Failed to read descriptor from node connection: 시스템에 부착된 장치가 작동하지 않습니다. (0x1F)
10월 01, 2022 11:45:21.03 [9916:8228:1001/114521.002:ERROR:util.cc(129)] Can't create base directory: C:\Program Files\Google\GoogleUpdater
10월 01, 2022 12:07:34.630 [9916:2008:1001/120734.629:ERROR:device_event_log_impl.cc(214)] [12:07:34.627] USB: usb_service_win.cc:104 SetupDiGetDeviceProperty({{A45C254E-DF1C-4EFD-8020-67D146A850E0}, 6}) failed: 요소가 없습니다. (0x490)

10월 01, 2022 15:50:03.672 NEW SESSION
10월 01, 2022 15:50:03.672 [7732:2224:1001/155003.670:ERROR:device_event_log_impl.cc(214)] [15:50:03.670] USB: usb_device_handle_win.cc:1048 Failed to read descriptor from node connection: 시스템에 부착된 장치가 작동하지 않습니다. (0x1F)
10월 01, 2022 15:50:59.876 [7732:1004:1001/155059.876:ERROR:util.cc(129)] Can't create base directory: C:\Program Files\Google\GoogleUpdater

10월 01, 2022 15:59:32.586 NEW SESSION
10월 01, 2022 15:59:32.586 [1824:8792:1001/155932.582:ERROR:device_event_log_impl.cc(214)] [15:59:32.582] USB: usb_device_handle_win.cc:1048 Failed to read descriptor from node connection: 시스템에 부착된 장치가 작동하지 않습니다. (0x1F)
10월 01, 2022 16:00:28.849 [1824:9120:1001/160028.848:ERROR:util.cc(129)] Can't create base directory: C:\Program Files\Google\GoogleUpdater

10월 03, 2022 13:49:38.868 NEW SESSION
10월 03, 2022 13:49:38.868 [11764:9428:1003/134938.862:ERROR:device_event_log_impl.cc(214)] [13:49:38.862] USB: usb_device_handle_win.cc:1048 Failed to read descriptor from node connection: 시스템에 부착된 장치가 작동하지 않습니다. (0x1F)
10월 03, 2022 13:50:35.810 [11764:10676:1003/135035.809:ERROR:util.cc(129)] Can't create base directory: C:\Program Files\Google\GoogleUpdater
10월 03, 2022 13:57:44.47 [10128:6556:1003/135744.047:ERROR:device_event_log_impl.cc(214)] [13:57:44.048] USB: usb_device_handle_win.cc:1048 Failed to read descriptor from node connection: 시스템에 부착된 장치가 작동하지 않습니다. (0x1F)
10월 03, 2022 13:58:40.976 [10128:13020:1003/135840.976:ERROR:util.cc(129)] Can't create base directory: C:\Program Files\Google\GoogleUpdater

10월 03, 2022 14:10:41.60 NEW SESSION
10월 03, 2022 14:10:41.60 [6016:6436:1003/141041.057:ERROR:device_event_log_impl.cc(214)] [14:10:41.057] USB: usb_device_handle_win.cc:1048 Failed to read descriptor from node connection: 시스템에 부착된 장치가 작동하지 않습니다. (0x1F)
10월 03, 2022 14:11:38.744 [6016:13104:1003/141138.744:ERROR:util.cc(129)] Can't create base directory: C:\Program Files\Google\GoogleUpdater
10월 03, 2022 14:12:51.607 [7524:11008:1003/141251.606:ERROR:device_event_log_impl.cc(214)] [14:12:51.606] USB: usb_device_handle_win.cc:1048 Failed to read descriptor from node connection: 시스템에 부착된 장치가 작동하지 않습니다. (0x1F)
10월 03, 2022 14:13:49.521 [7524:3188:1003/141349.521:ERROR:util.cc(129)] Can't create base directory: C:\Program Files\Google\GoogleUpdater
10월 03, 2022 14:50:48.552 [1512:10068:1003/145048.551:ERROR:device_event_log_impl.cc(214)] [14:50:48.551] USB: usb_device_handle_win.cc:1048 Failed to read descriptor from node connection: 시스템에 부착된 장치가 작동하지 않습니다. (0x1F)
10월 03, 2022 14:51:46.322 [1512:7304:1003/145146.321:ERROR:util.cc(129)] Can't create base directory: C:\Program Files\Google\GoogleUpdater
10월 03, 2022 15:01:00.358 [4480:11116:1003/150100.358:ERROR:device_event_log_impl.cc(214)] [15:01:00.358] USB: usb_device_handle_win.cc:1048 Failed to read descriptor from node connection: 시스템에 부착된 장치가 작동하지 않습니다. (0x1F)
10월 03, 2022 15:01:58.229 [4480:12232:1003/150158.229:ERROR:util.cc(129)] Can't create base directory: C:\Program Files\Google\GoogleUpdater
10월 03, 2022 15:09:15.424 [4480:11116:1003/150915.424:ERROR:interface_endpoint_client.cc(689)] Message 1 rejected by interface blink.mojom.WidgetHost
10월 03, 2022 15:09:17.998 [4480:11116:1003/150917.997:ERROR:interface_endpoint_client.cc(689)] Message 1 rejected by interface blink.mojom.WidgetHost
10월 03, 2022 16:48:14.865 [2832:3328:1003/164814.864:ERROR:device_event_log_impl.cc(214)] [16:48:14.864] USB: usb_device_handle_win.cc:1048 Failed to read descriptor from node connection: 시스템에 부착된 장치가 작동하지 않습니다. (0x1F)
10월 03, 2022 16:49:10.68 [2832:12636:1003/164910.068:ERROR:util.cc(129)] Can't create base directory: C:\Program Files\Google\GoogleUpdater

10월 04, 2022 09:13:38.634 NEW SESSION
10월 04, 2022 09:13:38.634 [12616:8384:1004/091338.632:ERROR:device_event_log_impl.cc(214)] [09:13:38.632] USB: usb_device_handle_win.cc:1048 Failed to read descriptor from node connection: 시스템에 부착된 장치가 작동하지 않습니다. (0x1F)
10월 04, 2022 09:14:29.47 [12616:11940:1004/091429.046:ERROR:util.cc(129)] Can't create base directory: C:\Program Files\Google\GoogleUpdater
10월 04, 2022 10:14:15.746 [12616:8384:1004/101415.745:ERROR:device_event_log_impl.cc(214)] [10:14:15.741] USB: usb_service_win.cc:104 SetupDiGetDeviceProperty({{A45C254E-DF1C-4EFD-8020-67D146A850E0}, 6}) failed: 요소가 없습니다. (0x490)
10월 04, 2022 10:22:45.372 [12616:8384:1004/102245.371:ERROR:interface_endpoint_client.cc(689)] Message 1 rejected by interface blink.mojom.WidgetHost
10월 04, 2022 10:23:35.175 [12616:8384:1004/102335.175:ERROR:interface_endpoint_client.cc(689)] Message 5 rejected by interface blink.mojom.WidgetHost
10월 04, 2022 12:34:16.936 [12616:8384:1004/123416.935:ERROR:interface_endpoint_client.cc(689)] Message 1 rejected by interface blink.mojom.WidgetHost
10월 04, 2022 14:14:29.898 [12616:1068:1004/141429.897:ERROR:util.cc(129)] Can't create base directory: C:\Program Files\Google\GoogleUpdater
